#
# A fatal error has been detected by the Java Runtime Environment:
#
#  EXCEPTION_ACCESS_VIOLATION (0xc0000005) at pc=0x6bfa405a, pid=6632, tid=4432
#
# JRE version: Java(TM) SE Runtime Environment (7.0_60-b19) (build 1.7.0_60-b19)
# Java VM: Java HotSpot(TM) Client VM (24.60-b09 mixed mode, sharing windows-x86 )
# Problematic frame:
# V  [jvm.dll+0x4405a]
#
# Failed to write core dump. Minidumps are not enabled by default on client versions of Windows
#
# If you would like to submit a bug report, please visit:
#   http://bugreport.sun.com/bugreport/crash.jsp
#

---------------  T H R E A D  ---------------

Current thread (0x00d4c000):  JavaThread "main" [_thread_in_vm, id=4432, stack(0x00ec0000,0x00f10000)]

siginfo: ExceptionCode=0xc0000005, reading address 0x00000008

Registers:
EAX=0x00000000, EBX=0x00000173, ECX=0x00000000, EDX=0x00000000
ESP=0x00f0ddc4, EBP=0x00f0dddc, ESI=0x39170465, EDI=0x00000000
EIP=0x6bfa405a, EFLAGS=0x00010202

Top of Stack: (sp=0x00f0ddc4)
0x00f0ddc4:   00d4c000 00000002 00d4c000 39170465
0x00f0ddd4:   00d49ce0 00000173 00f0de2c 6bf9fef6
0x00f0dde4:   00000000 00000000 00000000 00d4c000
0x00f0ddf4:   00000000 00d4c000 00d4c000 00f0e9ac
0x00f0de04:   7772041d 02b217bc fffffffe 776de20c
0x00f0de14:   776ddf72 0000000c 00000173 00d49ce0
0x00f0de24:   00000173 00f0de4c 00f0de8c 6bfa1f7c
0x00f0de34:   39d13ab0 00000000 00000000 00000000 

Instructions: (pc=0x6bfa405a)
0x6bfa403a:   2a 01 5e 8b e5 5d c3 cc cc cc cc cc cc cc cc cc
0x6bfa404a:   cc cc cc cc cc cc 55 8b ec 83 ec 14 57 8b 7d 08
0x6bfa405a:   66 83 7f 08 01 76 2d 80 7f 0a 5b 75 27 57 e8 c3
0x6bfa406a:   4e 0f 00 83 c4 04 84 c0 74 1a 8b 45 14 8b 4d 10 


Register to memory mapping:

EAX=0x00000000 is an unknown value
EBX=0x00000173 is an unknown value
ECX=0x00000000 is an unknown value
EDX=0x00000000 is an unknown value
ESP=0x00f0ddc4 is pointing into the stack for thread: 0x00d4c000
EBP=0x00f0dddc is pointing into the stack for thread: 0x00d4c000
ESI=0x39170465 is pointing into object: 0x391703e0
{instance class} 
 - klass: {other class}
EDI=0x00000000 is an unknown value


Stack: [0x00ec0000,0x00f10000],  sp=0x00f0ddc4,  free space=311k
Native frames: (J=compiled Java code, j=interpreted, Vv=VM code, C=native code)
V  [jvm.dll+0x4405a]
V  [jvm.dll+0x3fef6]
V  [jvm.dll+0x41f7c]
V  [jvm.dll+0x426d7]
V  [jvm.dll+0x439aa]
V  [jvm.dll+0x4414d]
V  [jvm.dll+0x3fef6]
V  [jvm.dll+0x2f43d]
V  [jvm.dll+0x31ea1]
V  [jvm.dll+0x4274b]
V  [jvm.dll+0x439aa]
V  [jvm.dll+0x4414d]
V  [jvm.dll+0x44176]
V  [jvm.dll+0xf6812]
C  [java.dll+0x1880]
j  java.lang.ClassLoader.findBootstrapClass(Ljava/lang/String;)Ljava/lang/Class;+0
j  java.lang.ClassLoader.findBootstrapClassOrNull(Ljava/lang/String;)Ljava/lang/Class;+12
j  java.lang.ClassLoader.loadClass(Ljava/lang/String;Z)Ljava/lang/Class;+48
j  java.lang.ClassLoader.loadClass(Ljava/lang/String;Z)Ljava/lang/Class;+38
j  sun.misc.Launcher$AppClassLoader.loadClass(Ljava/lang/String;Z)Ljava/lang/Class;+36
j  java.lang.ClassLoader.loadClass(Ljava/lang/String;)Ljava/lang/Class;+3
v  ~StubRoutines::call_stub
V  [jvm.dll+0x140e6a]
V  [jvm.dll+0x20529e]
V  [jvm.dll+0x141035]
V  [jvm.dll+0x14110f]
V  [jvm.dll+0x4297f]
V  [jvm.dll+0x439aa]
V  [jvm.dll+0x4414d]
V  [jvm.dll+0x4419a]
V  [jvm.dll+0x44c26]
V  [jvm.dll+0x3b8a7]
V  [jvm.dll+0x46d29]
V  [jvm.dll+0x4978b]
V  [jvm.dll+0x4c434]
V  [jvm.dll+0x4c5a5]
V  [jvm.dll+0x9ed05]
V  [jvm.dll+0xa4bbe]
V  [jvm.dll+0xa7ca0]
V  [jvm.dll+0xa8268]
V  [jvm.dll+0x6b155]
j  org.apache.xmlrpc.XmlRpcClientLite.createTransport()Lorg/apache/xmlrpc/XmlRpcTransport;+0
j  org.apache.xmlrpc.XmlRpcClient.execute(Lorg/apache/xmlrpc/XmlRpcClientRequest;)Ljava/lang/Object;+3
j  org.apache.xmlrpc.XmlRpcClient.execute(Ljava/lang/String;Ljava/util/Vector;)Ljava/lang/Object;+63
j  org.jetbrains.git4idea.http.GitAskPassXmlRpcClient.askPassword(ILjava/lang/String;)Ljava/lang/String;+73
j  org.jetbrains.git4idea.http.GitAskPassApp.main([Ljava/lang/String;)V+103
v  ~StubRoutines::call_stub
V  [jvm.dll+0x140e6a]
V  [jvm.dll+0x20529e]
V  [jvm.dll+0x140eed]
V  [jvm.dll+0xca5c5]
V  [jvm.dll+0xd5267]
C  [java.exe+0x2063]
C  [java.exe+0xa5d1]
C  [java.exe+0xa65b]
C  [kernel32.dll+0x13677]
C  [ntdll.dll+0x39d72]
C  [ntdll.dll+0x39d45]

Java frames: (J=compiled Java code, j=interpreted, Vv=VM code)
j  java.lang.ClassLoader.findBootstrapClass(Ljava/lang/String;)Ljava/lang/Class;+0
j  java.lang.ClassLoader.findBootstrapClassOrNull(Ljava/lang/String;)Ljava/lang/Class;+12
j  java.lang.ClassLoader.loadClass(Ljava/lang/String;Z)Ljava/lang/Class;+48
j  java.lang.ClassLoader.loadClass(Ljava/lang/String;Z)Ljava/lang/Class;+38
j  sun.misc.Launcher$AppClassLoader.loadClass(Ljava/lang/String;Z)Ljava/lang/Class;+36
j  java.lang.ClassLoader.loadClass(Ljava/lang/String;)Ljava/lang/Class;+3
v  ~StubRoutines::call_stub
j  org.apache.xmlrpc.XmlRpcClientLite.createTransport()Lorg/apache/xmlrpc/XmlRpcTransport;+0
j  org.apache.xmlrpc.XmlRpcClient.execute(Lorg/apache/xmlrpc/XmlRpcClientRequest;)Ljava/lang/Object;+3
j  org.apache.xmlrpc.XmlRpcClient.execute(Ljava/lang/String;Ljava/util/Vector;)Ljava/lang/Object;+63
j  org.jetbrains.git4idea.http.GitAskPassXmlRpcClient.askPassword(ILjava/lang/String;)Ljava/lang/String;+73
j  org.jetbrains.git4idea.http.GitAskPassApp.main([Ljava/lang/String;)V+103
v  ~StubRoutines::call_stub

---------------  P R O C E S S  ---------------

Java Threads: ( => current thread )
  0x00c85c00 JavaThread "Service Thread" daemon [_thread_blocked, id=4788, stack(0x01110000,0x01160000)]
  0x00c66000 JavaThread "C1 CompilerThread0" daemon [_thread_blocked, id=5220, stack(0x048e0000,0x04930000)]
  0x00c64c00 JavaThread "Attach Listener" daemon [_thread_blocked, id=1728, stack(0x04760000,0x047b0000)]
  0x00c61c00 JavaThread "Signal Dispatcher" daemon [_thread_blocked, id=904, stack(0x04820000,0x04870000)]
  0x00bf4000 JavaThread "Finalizer" daemon [_thread_blocked, id=3976, stack(0x04670000,0x046c0000)]
  0x00bf2800 JavaThread "Reference Handler" daemon [_thread_blocked, id=7020, stack(0x011a0000,0x011f0000)]
=>0x00d4c000 JavaThread "main" [_thread_in_vm, id=4432, stack(0x00ec0000,0x00f10000)]

Other Threads:
  0x00bf0800 VMThread [stack: 0x01040000,0x01090000] [id=5652]
  0x00c8f400 WatcherThread [stack: 0x04a30000,0x04a80000] [id=3016]

VM state:not at safepoint (normal execution)

VM Mutex/Monitor currently owned by a thread: None

Heap
 def new generation   total 4928K, used 898K [0x24600000, 0x24b50000, 0x29b50000)
  eden space 4416K,  20% used [0x24600000, 0x246e0940, 0x24a50000)
  from space 512K,   0% used [0x24a50000, 0x24a50000, 0x24ad0000)
  to   space 512K,   0% used [0x24ad0000, 0x24ad0000, 0x24b50000)
 tenured generation   total 10944K, used 0K [0x29b50000, 0x2a600000, 0x34600000)
   the space 10944K,   0% used [0x29b50000, 0x29b50000, 0x29b50200, 0x2a600000)
 compacting perm gen  total 12288K, used 267K [0x34600000, 0x35200000, 0x38600000)
   the space 12288K,   2% used [0x34600000, 0x34642ce8, 0x34642e00, 0x35200000)
    ro space 10240K,  44% used [0x38600000, 0x38a7a7a8, 0x38a7a800, 0x39000000)
    rw space 12288K,  52% used [0x39000000, 0x39651db0, 0x39651e00, 0x39c00000)

Card table byte_map: [0x00dd0000,0x00e80000] byte_map_base: 0x00cad000

Polling page: 0x001f0000

Code Cache  [0x02670000, 0x02710000, 0x04670000)
 total_blobs=157 nmethods=27 adapters=68 free_code_cache=32138Kb largest_free_block=32909376

Compilation events (10 events):
Event: 0.058 Thread 0x00c66000   22             java.lang.String::length (6 bytes)
Event: 0.058 Thread 0x00c66000 nmethod 22 0x0270b088 code [0x0270b180, 0x0270b210]
Event: 0.058 Thread 0x00c66000   23             java.lang.String::indexOf (166 bytes)
Event: 0.058 Thread 0x00c66000 nmethod 23 0x0270b288 code [0x0270b3a0, 0x0270b5d0]
Event: 0.060 Thread 0x00c66000   25             sun.nio.cs.UTF_8$Encoder::encode (361 bytes)
Event: 0.060 Thread 0x00c66000 nmethod 25 0x0270bb88 code [0x0270bce0, 0x0270c168]
Event: 0.062 Thread 0x00c66000   26             java.lang.Math::min (11 bytes)
Event: 0.062 Thread 0x00c66000 nmethod 26 0x0270c748 code [0x0270c840, 0x0270c8b0]
Event: 0.063 Thread 0x00c66000   27             sun.net.www.ParseUtil::encodePath (336 bytes)
Event: 0.063 Thread 0x00c66000 nmethod 27 0x0270c908 code [0x0270cab0, 0x0270d158]

GC Heap History (0 events):
No events

Deoptimization events (0 events):
No events

Internal exceptions (10 events):
Event: 0.063 Thread 0x00d4c000 Threw 0x246b1500 at C:\re\jdk7u60\1081\hotspot\src\share\vm\prims\jvm.cpp:1244
Event: 0.065 Thread 0x00d4c000 Threw 0x246bc280 at C:\re\jdk7u60\1081\hotspot\src\share\vm\prims\jvm.cpp:1244
Event: 0.065 Thread 0x00d4c000 Threw 0x246be080 at C:\re\jdk7u60\1081\hotspot\src\share\vm\prims\jvm.cpp:1244
Event: 0.066 Thread 0x00d4c000 Threw 0x246bfdd0 at C:\re\jdk7u60\1081\hotspot\src\share\vm\prims\jvm.cpp:1244
Event: 0.066 Thread 0x00d4c000 Threw 0x246caea8 at C:\re\jdk7u60\1081\hotspot\src\share\vm\prims\jvm.cpp:1244
Event: 0.067 Thread 0x00d4c000 Threw 0x246cce08 at C:\re\jdk7u60\1081\hotspot\src\share\vm\prims\jvm.cpp:1244
Event: 0.069 Thread 0x00d4c000 Threw 0x246d44f8 at C:\re\jdk7u60\1081\hotspot\src\share\vm\prims\jvm.cpp:1244
Event: 0.069 Thread 0x00d4c000 Threw 0x246d6578 at C:\re\jdk7u60\1081\hotspot\src\share\vm\prims\jvm.cpp:1244
Event: 0.070 Thread 0x00d4c000 Threw 0x246d8b60 at C:\re\jdk7u60\1081\hotspot\src\share\vm\prims\jvm.cpp:1244
Event: 0.070 Thread 0x00d4c000 Threw 0x246daa48 at C:\re\jdk7u60\1081\hotspot\src\share\vm\prims\jvm.cpp:1244

Events (10 events):
Event: 0.067 loading class 0x04b7cce8 done
Event: 0.069 loading class 0x00c58fe8
Event: 0.069 loading class 0x00c58fe8 done
Event: 0.069 loading class 0x04b7c818
Event: 0.069 loading class 0x04b7c818 done
Event: 0.070 loading class 0x04b85628
Event: 0.070 loading class 0x04b85628 done
Event: 0.070 loading class 0x04b7c6c8
Event: 0.070 loading class 0x04b7c6c8 done
Event: 0.071 loading class 0x04b84f68


Dynamic libraries:
0x01240000 - 0x0126f000 	C:\Program Files (x86)\JetBrains\PhpStorm 8.0.1\jre\jre\bin\java.exe
0x776b0000 - 0x77830000 	C:\Windows\SysWOW64\ntdll.dll
0x76f30000 - 0x77030000 	C:\Windows\syswow64\kernel32.dll
0x75720000 - 0x75766000 	C:\Windows\syswow64\KERNELBASE.dll
0x771b0000 - 0x77250000 	C:\Windows\syswow64\ADVAPI32.dll
0x75c40000 - 0x75cec000 	C:\Windows\syswow64\msvcrt.dll
0x75830000 - 0x75849000 	C:\Windows\SysWOW64\sechost.dll
0x76d70000 - 0x76e60000 	C:\Windows\syswow64\RPCRT4.dll
0x75220000 - 0x75280000 	C:\Windows\syswow64\SspiCli.dll
0x75210000 - 0x7521c000 	C:\Windows\syswow64\CRYPTBASE.dll
0x76c70000 - 0x76d70000 	C:\Windows\syswow64\USER32.dll
0x76e60000 - 0x76ef0000 	C:\Windows\syswow64\GDI32.dll
0x75850000 - 0x7585a000 	C:\Windows\syswow64\LPK.dll
0x75a40000 - 0x75add000 	C:\Windows\syswow64\USP10.dll
0x72430000 - 0x725ce000 	C:\Windows\WinSxS\x86_microsoft.windows.common-controls_6595b64144ccf1df_6.0.7600.16385_none_421189da2b7fabfc\COMCTL32.dll
0x77250000 - 0x772a7000 	C:\Windows\syswow64\SHLWAPI.dll
0x75e40000 - 0x75ea0000 	C:\Windows\system32\IMM32.DLL
0x75510000 - 0x755dc000 	C:\Windows\syswow64\MSCTF.dll
0x6db80000 - 0x6dc3f000 	C:\Program Files (x86)\JetBrains\PhpStorm 8.0.1\jre\jre\bin\msvcr100.dll
0x6bf60000 - 0x6c2e8000 	C:\Program Files (x86)\JetBrains\PhpStorm 8.0.1\jre\jre\bin\client\jvm.dll
0x74db0000 - 0x74db7000 	C:\Windows\system32\WSOCK32.dll
0x76ef0000 - 0x76f25000 	C:\Windows\syswow64\WS2_32.dll
0x75cf0000 - 0x75cf6000 	C:\Windows\syswow64\NSI.dll
0x72bc0000 - 0x72bf2000 	C:\Windows\system32\WINMM.dll
0x76c30000 - 0x76c35000 	C:\Windows\syswow64\PSAPI.DLL
0x73cf0000 - 0x73cfc000 	C:\Program Files (x86)\JetBrains\PhpStorm 8.0.1\jre\jre\bin\verify.dll
0x73c70000 - 0x73c90000 	C:\Program Files (x86)\JetBrains\PhpStorm 8.0.1\jre\jre\bin\java.dll
0x73c00000 - 0x73c13000 	C:\Program Files (x86)\JetBrains\PhpStorm 8.0.1\jre\jre\bin\zip.dll
0x6f9f0000 - 0x6fadb000 	C:\Windows\system32\dbghelp.dll

VM Arguments:
java_command: org.jetbrains.git4idea.http.GitAskPassApp Password for 'https://feminefa@bitbucket.org': 
Launcher Type: SUN_STANDARD

Environment Variables:
JAVA_HOME=C:\Program Files (x86)\Java\jdk1.7.0_21
PATH=C:\Program Files (x86)\Git/libexec/git-core;C:\Program Files (x86)\Git\bin;C:\Program Files (x86)\Git\bin;C:\Program Files (x86)\Git\mingw\bin;C:\ProgramData\Oracle\Java\javapath;C:\Windows\system32;C:\Windows;C:\Windows\System32\Wbem;C:\Windows\System32\WindowsPowerShell\v1.0\;C:\Program Files (x86)\Java\jdk1.7.0_21\bin;C:\Program Files\jEdit;C:\Program Files (x86)\Git\cmd;C:\Program Files\nodejs\;C:\Program Files\cURL\bin;C:\Program Files (x86)\Skype\Phone\;C:\Users\FEMI\AppData\Roaming\npm
USERNAME=FEMI
OS=Windows_NT
PROCESSOR_IDENTIFIER=Intel64 Family 6 Model 58 Stepping 9, GenuineIntel



---------------  S Y S T E M  ---------------

OS: Windows 7 , 64 bit Build 7600 

CPU:total 2 (2 cores per cpu, 1 threads per core) family 6 model 58 stepping 9, cmov, cx8, fxsr, mmx, sse, sse2, sse3, ssse3, sse4.1, sse4.2, popcnt, erms, tsc, tscinvbit, tscinv

Memory: 4k page, physical 4087148k(1638784k free), swap 6105456k(2925252k free)

vm_info: Java HotSpot(TM) Client VM (24.60-b09) for windows-x86 JRE (1.7.0_60-b19), built on May  7 2014 13:09:52 by "java_re" with unknown MS VC++:1600

time: Sat Apr 23 10:42:49 2016
elapsed time: 0 seconds

